2016-11-12T10:55:31,503 [INFO ] (Main.java:15) - Program is starting...
2016-11-12T10:55:31,837 [INFO ] (Main.java:51) - Successfully Authent. Exit code: 0
2016-11-12T10:55:31,838 [INFO ] (Main.java:66) - Successfully Author. Exit code: 0
2016-11-12T11:00:48,227 [INFO ] (Main.java:15) - Program is starting...
2016-11-12T11:00:48,515 [INFO ] (Main.java:51) - Successfully Authent. Exit code: 0
2016-11-12T11:00:48,516 [INFO ] (Main.java:66) - Successfully Author. Exit code: 0
2016-11-14T10:05:27,745 [INFO ] (Main.java:23) - Program is starting...
2016-11-14T10:05:28,151 [INFO ] (Main.java:59) - Successfully Authent. Exit code: 0
2016-11-14T10:05:28,151 [INFO ] (Main.java:74) - Successfully Author. Exit code: 0
2016-11-14T10:16:15,418 [INFO ] (Main.java:23) - Program is starting...
2016-11-14T10:16:15,980 [INFO ] (Main.java:59) - Successfully Authent. Exit code: 0
2016-11-14T10:16:15,980 [INFO ] (Main.java:74) - Successfully Author. Exit code: 0
2016-11-14T10:23:59,335 [INFO ] (Main.java:23) - Program is starting...
2016-11-14T10:32:46,885 [INFO ] (Main.java:59) - Successfully Authent. Exit code: 0
2016-11-14T10:32:46,885 [INFO ] (Main.java:74) - Successfully Author. Exit code: 0
2016-11-14T10:33:02,360 [INFO ] (Main.java:23) - Program is starting...
2016-11-14T10:33:03,340 [INFO ] (Main.java:59) - Successfully Authent. Exit code: 0
2016-11-14T10:33:03,340 [INFO ] (Main.java:74) - Successfully Author. Exit code: 0
2016-11-14T10:37:53,711 [INFO ] (Main.java:26) - Program is starting...
2016-11-14T10:37:54,729 [INFO ] (Main.java:62) - Successfully Authent. Exit code: 0
2016-11-14T10:37:54,729 [INFO ] (Main.java:77) - Successfully Author. Exit code: 0
2016-11-14T10:58:47,992 [INFO ] (Main.java:38) - Program is starting...
2016-11-14T10:58:50,055 [INFO ] (Main.java:74) - Successfully Authent. Exit code: 0
2016-11-14T10:58:50,055 [INFO ] (Main.java:89) - Successfully Author. Exit code: 0
2016-11-14T11:01:02,982 [INFO ] (Main.java:38) - Program is starting...
2016-11-14T11:01:03,606 [INFO ] (Main.java:74) - Successfully Authent. Exit code: 0
2016-11-14T11:01:03,606 [INFO ] (Main.java:89) - Successfully Author. Exit code: 0
2016-11-14T11:04:59,235 [INFO ] (Main.java:37) - Program is starting...
2016-11-14T11:04:59,970 [INFO ] (Main.java:73) - Successfully Authent. Exit code: 0
2016-11-14T11:04:59,970 [INFO ] (Main.java:88) - Successfully Author. Exit code: 0
2016-11-14T11:26:13,968 [INFO ] (Main.java:27) - Program is starting...
2016-11-14T11:26:14,882 [INFO ] (Main.java:63) - Successfully Authent. Exit code: 0
2016-11-14T11:26:14,882 [INFO ] (Main.java:78) - Successfully Author. Exit code: 0
2016-11-17T11:03:46,325 [INFO ] (Main.java:27) - Program is starting...
2016-11-17T11:03:48,243 [INFO ] (Main.java:27) - Program is starting...
2016-11-17T11:03:49,709 [INFO ] (Main.java:27) - Program is starting...
2016-11-17T11:03:49,947 [ERROR] (Main.java:70) - Login: QQQQ is Unknown user. Exit code: 1
2016-11-17T11:03:51,165 [INFO ] (Main.java:27) - Program is starting...
2016-11-17T11:03:51,380 [ERROR] (Main.java:66) - Password: QQQQ is Wrong password. Exit code: 2
2016-11-17T11:03:52,637 [INFO ] (Main.java:27) - Program is starting...
2016-11-17T11:03:52,853 [INFO ] (Main.java:63) - Successfully Authent. Exit code: 0
2016-11-17T11:03:54,101 [INFO ] (Main.java:27) - Program is starting...
2016-11-17T11:03:54,317 [INFO ] (Main.java:63) - Successfully Authent. Exit code: 0
2016-11-17T11:03:54,317 [INFO ] (Main.java:78) - Successfully Author. Exit code: 0
2016-11-17T11:03:55,592 [INFO ] (Main.java:27) - Program is starting...
2016-11-17T11:03:55,825 [INFO ] (Main.java:63) - Successfully Authent. Exit code: 0
2016-11-17T11:03:55,825 [INFO ] (Main.java:78) - Successfully Author. Exit code: 0
2016-11-17T11:03:57,077 [INFO ] (Main.java:27) - Program is starting...
2016-11-17T11:03:57,292 [INFO ] (Main.java:63) - Successfully Authent. Exit code: 0
2016-11-17T11:03:57,292 [ERROR] (Main.java:84) - Role: QQQQ is Unknown Role. Exit code: 3
2016-11-17T11:03:58,541 [INFO ] (Main.java:27) - Program is starting...
2016-11-17T11:03:58,756 [INFO ] (Main.java:63) - Successfully Authent. Exit code: 0
2016-11-17T11:03:58,756 [ERROR] (Main.java:80) - Resource: QQQQ is Doesn't exist. Exit code: 4
2016-11-17T11:03:59,990 [INFO ] (Main.java:27) - Program is starting...
2016-11-17T11:04:00,213 [INFO ] (Main.java:63) - Successfully Authent. Exit code: 0
2016-11-17T11:04:00,213 [ERROR] (Main.java:80) - Resource: a is Doesn't exist. Exit code: 4
2016-11-17T11:04:01,451 [INFO ] (Main.java:27) - Program is starting...
2016-11-17T11:04:01,672 [INFO ] (Main.java:63) - Successfully Authent. Exit code: 0
2016-11-17T11:04:01,672 [ERROR] (Main.java:80) - Resource: a.bc is Doesn't exist. Exit code: 4
2016-11-17T11:04:02,937 [INFO ] (Main.java:27) - Program is starting...
2016-11-17T11:04:03,160 [INFO ] (Main.java:63) - Successfully Authent. Exit code: 0
2016-11-17T11:04:03,160 [INFO ] (Main.java:78) - Successfully Author. Exit code: 0
2016-11-17T11:04:03,375 [INFO ] (Main.java:109) - Successfully Acc. Exit code: 0
2016-11-17T11:04:04,641 [INFO ] (Main.java:27) - Program is starting...
2016-11-17T11:04:04,863 [INFO ] (Main.java:63) - Successfully Authent. Exit code: 0
2016-11-17T11:04:04,863 [INFO ] (Main.java:78) - Successfully Author. Exit code: 0
2016-11-17T11:04:04,964 [ERROR] (Main.java:99) - Period: 01-01-2015 - 2015-12-31 is Invalid Activity. Exit code: 5
2016-11-17T11:04:06,229 [INFO ] (Main.java:27) - Program is starting...
2016-11-17T11:04:06,445 [INFO ] (Main.java:63) - Successfully Authent. Exit code: 0
2016-11-17T11:04:06,445 [INFO ] (Main.java:78) - Successfully Author. Exit code: 0
2016-11-17T11:04:06,545 [ERROR] (Main.java:106) - Volume: QQQQ is Invalid Activity. Exit code: 5
2016-11-17T11:04:07,817 [INFO ] (Main.java:27) - Program is starting...
2016-11-17T11:04:08,032 [ERROR] (Main.java:70) - Login: QQQQ is Unknown user. Exit code: 1
2016-11-17T11:04:09,304 [INFO ] (Main.java:27) - Program is starting...
2016-11-17T11:04:09,520 [ERROR] (Main.java:70) - Login: QQQQ is Unknown user. Exit code: 1
